2022-07-21 15:15:19 - INFO - EDM started, logger initialized, and application built.
2022-07-21 15:15:33 - INFO - CFG c:\users\mcpherro\local\source\python3\edmpy\CFGs\PIVL8-Station-1.CFG opened.
2022-07-21 15:15:33 - INFO - Database c:\users\mcpherro\local\source\python3\edmpy\CFGs\PIVL8-Station-1.json opened.
2022-07-21 15:15:36 - INFO - EDM exited.
2022-07-21 15:15:42 - INFO - EDM started, logger initialized, and application built.
2022-07-21 15:15:42 - INFO - CFG c:\users\mcpherro\local\source\python3\edmpy\CFGs\PIVL8-Station-1.CFG opened.
2022-07-21 15:15:42 - INFO - Database c:\users\mcpherro\local\source\python3\edmpy\CFGs\PIVL8-Station-1.json opened.
2022-07-21 15:15:46 - INFO - EDM exited.
2022-07-21 21:57:33 - INFO - EDM started, logger initialized, and application built.
2022-07-21 21:57:33 - INFO - CFG c:\users\mcpherro\local\source\python3\edmpy\CFGs\PIVL8-Station-1.CFG opened.
2022-07-21 21:57:33 - INFO - Database c:\users\mcpherro\local\source\python3\edmpy\CFGs\PIVL8-Station-1.json opened.
2022-07-21 22:15:49 - INFO - EDM started, logger initialized, and application built.
2022-07-21 22:15:49 - INFO - CFG c:\users\mcpherro\local\source\python3\edmpy\CFGs\PIVL8-Station-1.CFG opened.
2022-07-21 22:15:49 - INFO - Database c:\users\mcpherro\local\source\python3\edmpy\CFGs\PIVL8-Station-1.json opened.
2022-07-21 22:18:50 - INFO - EDM started, logger initialized, and application built.
2022-07-21 22:18:50 - INFO - CFG c:\users\mcpherro\local\source\python3\edmpy\CFGs\PIVL8-Station-1.CFG opened.
2022-07-21 22:18:50 - INFO - Database c:\users\mcpherro\local\source\python3\edmpy\CFGs\PIVL8-Station-1.json opened.
2022-07-21 22:20:50 - INFO - EDM started, logger initialized, and application built.
2022-07-21 22:20:50 - INFO - CFG c:\users\mcpherro\local\source\python3\edmpy\CFGs\PIVL8-Station-1.CFG opened.
2022-07-21 22:20:50 - INFO - Database c:\users\mcpherro\local\source\python3\edmpy\CFGs\PIVL8-Station-1.json opened.
2022-07-22 21:19:02 - INFO - EDM started, logger initialized, and application built.
2022-07-22 21:19:02 - INFO - CFG c:\users\mcpherro\local\source\python3\edmpy\CFGs\PIVL8-Station-1.CFG opened.
2022-07-22 21:19:02 - INFO - Database c:\users\mcpherro\local\source\python3\edmpy\CFGs\PIVL8-Station-1.json opened.
2022-07-22 21:27:46 - INFO - EDM exited.
2022-07-23 02:13:15 - INFO - EDM started, logger initialized, and application built.
2022-07-23 02:13:15 - INFO - CFG c:\users\mcpherro\local\source\python3\edmpy\CFGs\PIVL8-Station-1.CFG opened.
2022-07-23 02:13:15 - INFO - Database c:\users\mcpherro\local\source\python3\edmpy\CFGs\PIVL8-Station-1.json opened.
2022-07-23 02:16:41 - INFO - EDM started, logger initialized, and application built.
2022-07-23 02:16:41 - INFO - CFG c:\users\mcpherro\local\source\python3\edmpy\CFGs\PIVL8-Station-1.CFG opened.
2022-07-23 02:16:41 - INFO - Database c:\users\mcpherro\local\source\python3\edmpy\CFGs\PIVL8-Station-1.json opened.
2022-07-23 02:19:53 - INFO - EDM started, logger initialized, and application built.
2022-07-23 02:19:53 - INFO - CFG c:\users\mcpherro\local\source\python3\edmpy\CFGs\PIVL8-Station-1.CFG opened.
2022-07-23 02:19:53 - INFO - Database c:\users\mcpherro\local\source\python3\edmpy\CFGs\PIVL8-Station-1.json opened.
2022-07-23 02:35:00 - INFO - EDM started, logger initialized, and application built.
2022-07-23 02:35:00 - INFO - CFG c:\users\mcpherro\local\source\python3\edmpy\CFGs\PIVL8-Station-1.CFG opened.
2022-07-23 02:35:00 - INFO - Database c:\users\mcpherro\local\source\python3\edmpy\CFGs\PIVL8-Station-1.json opened.
2022-07-23 02:37:22 - INFO - EDM started, logger initialized, and application built.
2022-07-23 02:37:22 - INFO - CFG c:\users\mcpherro\local\source\python3\edmpy\CFGs\PIVL8-Station-1.CFG opened.
2022-07-23 02:37:22 - INFO - Database c:\users\mcpherro\local\source\python3\edmpy\CFGs\PIVL8-Station-1.json opened.
2022-07-23 02:45:28 - INFO - EDM started, logger initialized, and application built.
2022-07-23 02:45:28 - INFO - CFG c:\users\mcpherro\local\source\python3\edmpy\CFGs\PIVL8-Station-1.CFG opened.
2022-07-23 02:45:28 - INFO - Database c:\users\mcpherro\local\source\python3\edmpy\CFGs\PIVL8-Station-1.json opened.
2022-07-23 02:46:49 - INFO - EDM started, logger initialized, and application built.
2022-07-23 02:46:49 - INFO - CFG c:\users\mcpherro\local\source\python3\edmpy\CFGs\PIVL8-Station-1.CFG opened.
2022-07-23 02:46:49 - INFO - Database c:\users\mcpherro\local\source\python3\edmpy\CFGs\PIVL8-Station-1.json opened.
2022-07-23 02:48:04 - INFO - EDM started, logger initialized, and application built.
2022-07-23 02:48:04 - INFO - CFG c:\users\mcpherro\local\source\python3\edmpy\CFGs\PIVL8-Station-1.CFG opened.
2022-07-23 02:48:04 - INFO - Database c:\users\mcpherro\local\source\python3\edmpy\CFGs\PIVL8-Station-1.json opened.
2022-07-23 02:51:20 - INFO - EDM started, logger initialized, and application built.
2022-07-23 02:51:20 - INFO - CFG c:\users\mcpherro\local\source\python3\edmpy\CFGs\PIVL8-Station-1.CFG opened.
2022-07-23 02:51:21 - INFO - Database c:\users\mcpherro\local\source\python3\edmpy\CFGs\PIVL8-Station-1.json opened.
2022-07-23 02:51:52 - INFO - EDM started, logger initialized, and application built.
2022-07-23 02:51:52 - INFO - CFG c:\users\mcpherro\local\source\python3\edmpy\CFGs\PIVL8-Station-1.CFG opened.
2022-07-23 02:51:52 - INFO - Database c:\users\mcpherro\local\source\python3\edmpy\CFGs\PIVL8-Station-1.json opened.
2022-08-07 11:41:01 - INFO - EDM exited.
2022-08-07 04:41:16 - INFO - EDM started, logger initialized, and application built.
2022-08-07 04:41:16 - INFO - CFG c:\users\mcpherro\local\source\python3\edmpy\CFGs\PIVL8-Station-1.CFG opened.
2022-08-07 04:41:16 - INFO - Database c:\users\mcpherro\local\source\python3\edmpy\CFGs\PIVL8-Station-1.json opened.
2022-08-07 04:42:07 - INFO - EDM exited.
2022-08-07 04:42:20 - INFO - EDM started, logger initialized, and application built.
2022-08-07 04:42:20 - INFO - CFG c:\users\mcpherro\local\source\python3\edmpy\CFGs\PIVL8-Station-1.CFG opened.
2022-08-07 04:42:20 - INFO - Database c:\users\mcpherro\local\source\python3\edmpy\CFGs\PIVL8-Station-1.json opened.
2022-08-07 04:47:13 - INFO - EDM started, logger initialized, and application built.
2022-08-07 04:47:13 - INFO - CFG c:\users\mcpherro\local\source\python3\edmpy\CFGs\PIVL8-Station-1.CFG opened.
2022-08-07 04:47:13 - INFO - Database c:\users\mcpherro\local\source\python3\edmpy\CFGs\PIVL8-Station-1.json opened.
2022-08-07 04:52:18 - INFO - EDM started, logger initialized, and application built.
2022-08-07 04:52:18 - INFO - CFG c:\users\mcpherro\local\source\python3\edmpy\CFGs\PIVL8-Station-1.CFG opened.
2022-08-07 04:52:18 - INFO - Database c:\users\mcpherro\local\source\python3\edmpy\CFGs\PIVL8-Station-1.json opened.
2022-08-07 04:58:47 - INFO - EDM started, logger initialized, and application built.
2022-08-07 04:58:47 - INFO - CFG c:\users\mcpherro\local\source\python3\edmpy\CFGs\PIVL8-Station-1.CFG opened.
2022-08-07 04:58:47 - INFO - Database c:\users\mcpherro\local\source\python3\edmpy\CFGs\PIVL8-Station-1.json opened.
2022-08-07 05:00:47 - INFO - EDM exited.
2022-08-07 05:00:54 - INFO - EDM started, logger initialized, and application built.
2022-08-07 05:00:54 - INFO - CFG c:\users\mcpherro\local\source\python3\edmpy\CFGs\PIVL8-Station-1.CFG opened.
2022-08-07 05:00:54 - INFO - Database c:\users\mcpherro\local\source\python3\edmpy\CFGs\PIVL8-Station-1.json opened.
2022-08-07 05:01:37 - INFO - EDM exited.
2022-08-07 05:01:51 - INFO - EDM started, logger initialized, and application built.
2022-08-07 05:01:51 - INFO - CFG c:\users\mcpherro\local\source\python3\edmpy\CFGs\PIVL8-Station-1.CFG opened.
2022-08-07 05:01:51 - INFO - Database c:\users\mcpherro\local\source\python3\edmpy\CFGs\PIVL8-Station-1.json opened.
2022-08-07 05:01:57 - INFO - EDM exited.
2022-08-07 05:02:35 - INFO - EDM started, logger initialized, and application built.
2022-08-07 05:02:35 - INFO - CFG c:\users\mcpherro\local\source\python3\edmpy\CFGs\PIVL8-Station-1.CFG opened.
2022-08-07 05:02:35 - INFO - Database c:\users\mcpherro\local\source\python3\edmpy\CFGs\PIVL8-Station-1.json opened.
2022-08-07 05:03:08 - INFO - EDM exited.
2022-08-07 05:09:14 - INFO - EDM started, logger initialized, and application built.
2022-08-07 05:09:14 - INFO - CFG c:\users\mcpherro\local\source\python3\edmpy\CFGs\PIVL8-Station-1.CFG opened.
2022-08-07 05:09:14 - INFO - Database c:\users\mcpherro\local\source\python3\edmpy\CFGs\PIVL8-Station-1.json opened.
2022-08-07 05:10:34 - INFO - EDM started, logger initialized, and application built.
2022-08-07 05:10:34 - INFO - CFG c:\users\mcpherro\local\source\python3\edmpy\CFGs\PIVL8-Station-1.CFG opened.
2022-08-07 05:10:34 - INFO - Database c:\users\mcpherro\local\source\python3\edmpy\CFGs\PIVL8-Station-1.json opened.
2022-08-07 05:16:05 - INFO - EDM started, logger initialized, and application built.
2022-08-07 05:16:05 - INFO - CFG c:\users\mcpherro\local\source\python3\edmpy\CFGs\PIVL8-Station-1.CFG opened.
2022-08-07 05:16:05 - INFO - Database c:\users\mcpherro\local\source\python3\edmpy\CFGs\PIVL8-Station-1.json opened.
2022-08-07 05:21:05 - INFO - EDM started, logger initialized, and application built.
2022-08-07 05:21:05 - INFO - CFG c:\users\mcpherro\local\source\python3\edmpy\CFGs\PIVL8-Station-1.CFG opened.
2022-08-07 05:21:05 - INFO - Database c:\users\mcpherro\local\source\python3\edmpy\CFGs\PIVL8-Station-1.json opened.
2022-08-07 07:39:23 - INFO - EDM started, logger initialized, and application built.
2022-08-07 07:39:23 - INFO - CFG c:\users\mcpherro\local\source\python3\edmpy\CFGs\PIVL8-Station-1.CFG opened.
2022-08-07 07:39:23 - INFO - Database c:\users\mcpherro\local\source\python3\edmpy\CFGs\PIVL8-Station-1.json opened.
2022-08-07 07:41:39 - INFO - test-26(0) hangle : 26° 33" 54.184', vangle : 36° 41" 57.211', sloped : 3.742 with prism height 4.0 from X : 0, Y : 0, Z : 0 
2022-08-07 07:42:08 - INFO - test-27(0) hangle : 36° 52" 11.632', vangle : 6° 20" 24.69', sloped : 45.277 with prism height 3.0 from X : 0, Y : 0, Z : 0 
2022-08-07 07:42:23 - INFO - test-28(0) hangle : 3° 48" 50.669', vangle : 86° 11" 39.652', sloped : 45.2 with prism height 3.0 from X : 0, Y : 0, Z : 0 
2022-08-07 07:42:32 - INFO - test-28(1) hangle : 38° 39" 35.31', vangle : 46° 51" 41.625', sloped : 8.775 with prism height 8.0 from X : 0, Y : 0, Z : 0 
2022-08-07 07:42:43 - INFO - EDM exited.
2022-08-07 07:47:10 - INFO - EDM started, logger initialized, and application built.
2022-08-07 07:47:10 - INFO - CFG c:\users\mcpherro\local\source\python3\edmpy\CFGs\PIVL8-Station-1.CFG opened.
2022-08-07 07:47:10 - INFO - Database c:\users\mcpherro\local\source\python3\edmpy\CFGs\PIVL8-Station-1.json opened.
2022-08-07 08:03:39 - INFO - EDM started, logger initialized, and application built.
2022-08-07 08:03:39 - INFO - CFG c:\users\mcpherro\local\source\python3\edmpy\CFGs\PIVL8-Station-1.CFG opened.
2022-08-07 08:03:39 - INFO - Database c:\users\mcpherro\local\source\python3\edmpy\CFGs\PIVL8-Station-1.json opened.
2022-08-07 09:10:44 - INFO - EDM started, logger initialized, and application built.
2022-08-07 09:10:44 - INFO - CFG c:\users\mcpherro\local\source\python3\edmpy\CFGs\PIVL8-Station-1.CFG opened.
2022-08-07 09:10:44 - INFO - Database c:\users\mcpherro\local\source\python3\edmpy\CFGs\PIVL8-Station-1.json opened.
2022-08-07 09:46:30 - INFO - EDM started, logger initialized, and application built.
2022-08-07 09:46:30 - INFO - CFG c:\users\mcpherro\local\source\python3\edmpy\CFGs\PIVL8-Station-1.CFG opened.
2022-08-07 09:46:30 - INFO - Database c:\users\mcpherro\local\source\python3\edmpy\CFGs\PIVL8-Station-1.json opened.
2022-08-07 09:51:09 - INFO - EDM started, logger initialized, and application built.
2022-08-07 09:51:09 - INFO - CFG c:\users\mcpherro\local\source\python3\edmpy\CFGs\PIVL8-Station-1.CFG opened.
2022-08-07 09:51:09 - INFO - Database c:\users\mcpherro\local\source\python3\edmpy\CFGs\PIVL8-Station-1.json opened.
2022-08-07 10:22:09 - INFO - test-29(0) hangle : 26° 33" 54.184', vangle : 36° 41" 57.211', sloped : 3.742 with prism height 0.0 from X : 0, Y : 0, Z : 0 
2022-08-07 10:31:52 - INFO - EDM started, logger initialized, and application built.
2022-08-07 10:31:52 - INFO - CFG c:\users\mcpherro\local\source\python3\edmpy\CFGs\PIVL8-Station-1.CFG opened.
2022-08-07 10:31:52 - INFO - Database c:\users\mcpherro\local\source\python3\edmpy\CFGs\PIVL8-Station-1.json opened.
2022-08-07 10:55:04 - INFO - EDM started, logger initialized, and application built.
2022-08-07 10:55:04 - INFO - CFG c:\users\mcpherro\local\source\python3\edmpy\CFGs\PIVL8-Station-1.CFG opened.
2022-08-07 10:55:04 - INFO - Database c:\users\mcpherro\local\source\python3\edmpy\CFGs\PIVL8-Station-1.json opened.
2022-08-07 10:56:16 - INFO - EDM started, logger initialized, and application built.
2022-08-07 10:56:16 - INFO - CFG c:\users\mcpherro\local\source\python3\edmpy\CFGs\PIVL8-Station-1.CFG opened.
2022-08-07 10:56:16 - INFO - Database c:\users\mcpherro\local\source\python3\edmpy\CFGs\PIVL8-Station-1.json opened.
2022-08-07 10:57:29 - INFO - EDM started, logger initialized, and application built.
2022-08-07 10:57:29 - INFO - CFG c:\users\mcpherro\local\source\python3\edmpy\CFGs\PIVL8-Station-1.CFG opened.
2022-08-07 10:57:29 - INFO - Database c:\users\mcpherro\local\source\python3\edmpy\CFGs\PIVL8-Station-1.json opened.
2022-08-07 11:07:32 - INFO - EDM started, logger initialized, and application built.
2022-08-07 11:07:32 - INFO - CFG c:\users\mcpherro\local\source\python3\edmpy\CFGs\PIVL8-Station-1.CFG opened.
2022-08-07 11:07:32 - INFO - Database c:\users\mcpherro\local\source\python3\edmpy\CFGs\PIVL8-Station-1.json opened.
2022-08-07 11:07:58 - INFO - EDM exited.
2022-08-07 11:08:23 - INFO - EDM started, logger initialized, and application built.
2022-08-07 11:08:23 - INFO - CFG c:\users\mcpherro\local\source\python3\edmpy\CFGs\PIVL8-Station-1.CFG opened.
2022-08-07 11:08:23 - INFO - Database c:\users\mcpherro\local\source\python3\edmpy\CFGs\PIVL8-Station-1.json opened.
2022-08-07 11:08:45 - INFO - test-302(0) hangle : 26° 33" 54.184', vangle : 43° 46" 50.062', sloped : 9.695 with prism height 0.0 from X : 0, Y : 0, Z : 0 
2022-08-07 11:12:45 - INFO - EDM started, logger initialized, and application built.
2022-08-07 11:12:45 - INFO - CFG c:\users\mcpherro\local\source\python3\edmpy\CFGs\PIVL8-Station-1.CFG opened.
2022-08-07 11:12:45 - INFO - Database c:\users\mcpherro\local\source\python3\edmpy\CFGs\PIVL8-Station-1.json opened.
2022-08-07 11:14:49 - INFO - EDM started, logger initialized, and application built.
2022-08-07 11:14:49 - INFO - CFG c:\users\mcpherro\local\source\python3\edmpy\CFGs\PIVL8-Station-1.CFG opened.
2022-08-07 11:14:49 - INFO - Database c:\users\mcpherro\local\source\python3\edmpy\CFGs\PIVL8-Station-1.json opened.
2022-08-07 11:27:01 - INFO - EDM started, logger initialized, and application built.
2022-08-07 11:27:01 - INFO - CFG c:\users\mcpherro\local\source\python3\edmpy\CFGs\PIVL8-Station-1.CFG opened.
2022-08-07 11:27:01 - INFO - Database c:\users\mcpherro\local\source\python3\edmpy\CFGs\PIVL8-Station-1.json opened.
2022-08-07 11:29:03 - INFO - EDM started, logger initialized, and application built.
2022-08-07 11:29:03 - INFO - CFG c:\users\mcpherro\local\source\python3\edmpy\CFGs\PIVL8-Station-1.CFG opened.
2022-08-07 11:29:03 - INFO - Database c:\users\mcpherro\local\source\python3\edmpy\CFGs\PIVL8-Station-1.json opened.
2022-08-07 11:29:31 - INFO - EDM exited.
2022-08-07 11:29:44 - INFO - EDM started, logger initialized, and application built.
2022-08-07 11:29:44 - INFO - CFG c:\users\mcpherro\local\source\python3\edmpy\CFGs\PIVL8-Station-1.CFG opened.
2022-08-07 11:29:44 - INFO - Database c:\users\mcpherro\local\source\python3\edmpy\CFGs\PIVL8-Station-1.json opened.
2022-08-07 11:33:07 - INFO - EDM exited.
2022-08-09 16:15:36 - INFO - EDM started, logger initialized, and application built.
2022-08-09 16:15:36 - INFO - CFG c:\users\mcpherro\local\source\python3\edmpy\CFGs\PIVL8-Station-1.CFG opened.
2022-08-09 16:15:36 - INFO - Database c:\users\mcpherro\local\source\python3\edmpy\CFGs\PIVL8-Station-1.json opened.
2022-08-09 16:16:34 - INFO - EDM exited.
2022-08-09 16:48:55 - INFO - EDM started, logger initialized, and application built.
2022-08-09 16:48:55 - INFO - CFG c:\users\mcpherro\local\source\python3\edmpy\CFGs\PIVL8-Station-1.CFG opened.
2022-08-09 16:48:55 - INFO - Database c:\users\mcpherro\local\source\python3\edmpy\CFGs\PIVL8-Station-1.json opened.
2022-08-09 18:10:13 - INFO - EDM exited.
2022-08-11 08:48:54 - INFO - EDM started, logger initialized, and application built.
2022-08-11 08:48:54 - INFO - CFG c:\users\mcpherro\local\source\python3\edmpy\CFGs\PIVL8-Station-1.CFG opened.
2022-08-11 08:48:54 - INFO - Database c:\users\mcpherro\local\source\python3\edmpy\CFGs\PIVL8-Station-1.json opened.
2022-08-11 08:48:59 - INFO - EDM exited.
